<?xml version="1.0" encoding="UTF-8"?>
<testng-results skipped="0" failed="0" ignored="0" total="2" passed="2">
  <reporter-output>
  </reporter-output>
  <suite name="Default suite" duration-ms="2301" started-at="2019-04-04T13:38:58Z" finished-at="2019-04-04T13:39:00Z">
    <groups>
    </groups>
    <test name="Default test" duration-ms="2301" started-at="2019-04-04T13:38:58Z" finished-at="2019-04-04T13:39:00Z">
      <class name="com.qa.tests.GetApiTest">
        <test-method status="PASS" signature="setup()[pri:0, instance:com.qa.tests.GetApiTest@29ee9faa]" name="setup" is-config="true" duration-ms="5" started-at="2019-04-04T13:38:58Z" finished-at="2019-04-04T13:38:58Z">
          <reporter-output>
          </reporter-output>
        </test-method> <!-- setup -->
        <test-method status="PASS" signature="getApiTest()[pri:1, instance:com.qa.tests.GetApiTest@29ee9faa]" name="getApiTest" duration-ms="1504" started-at="2019-04-04T13:38:58Z" finished-at="2019-04-04T13:38:59Z">
          <reporter-output>
          </reporter-output>
        </test-method> <!-- getApiTest -->
        <test-method status="PASS" signature="getApiTestWithoutHeader()[pri:2, instance:com.qa.tests.GetApiTest@29ee9faa]" name="getApiTestWithoutHeader" duration-ms="763" started-at="2019-04-04T13:38:59Z" finished-at="2019-04-04T13:39:00Z">
          <reporter-output>
          </reporter-output>
        </test-method> <!-- getApiTestWithoutHeader -->
        <test-method status="PASS" signature="setup()[pri:0, instance:com.qa.tests.GetApiTest@29ee9faa]" name="setup" is-config="true" duration-ms="0" started-at="2019-04-04T13:38:59Z" finished-at="2019-04-04T13:38:59Z">
          <reporter-output>
          </reporter-output>
        </test-method> <!-- setup -->
      </class> <!-- com.qa.tests.GetApiTest -->
    </test> <!-- Default test -->
  </suite> <!-- Default suite -->
</testng-results>
